0 info it worked if it ends with ok
1 verbose cli [ 'C:\\Program Files (x86)\\nodejs\\\\node.exe',
1 verbose cli   'C:\\Program Files (x86)\\nodejs\\node_modules\\npm\\bin\\npm-cli.js',
1 verbose cli   'install' ]
2 info using npm@1.4.28
3 info using node@v0.10.32
4 verbose node symlink C:\Program Files (x86)\nodejs\\node.exe
5 warn package.json chess-online@ No description
6 warn package.json chess-online@ No repository field.
7 warn package.json chess-online@ No README data
8 verbose readDependencies using package.json deps
9 verbose install where, deps [ 'C:\\Users\\Ahmed\\Documents\\Projects\\chess-online',
9 verbose install   [ 'express',
9 verbose install     'mongoose',
9 verbose install     'body-parser',
9 verbose install     'cookie-parser',
9 verbose install     'express-session',
9 verbose install     'method-override',
9 verbose install     'socket.io',
9 verbose install     'passport',
9 verbose install     'passport-local',
9 verbose install     'bcrypt-nodejs' ] ]
10 info preinstall chess-online@
11 verbose readDependencies using package.json deps
12 verbose already installed skipping express@~4.5.x C:\Users\Ahmed\Documents\Projects\chess-online
13 verbose already installed skipping mongoose@~3.8.x C:\Users\Ahmed\Documents\Projects\chess-online
14 verbose already installed skipping body-parser@~1.4.x C:\Users\Ahmed\Documents\Projects\chess-online
15 verbose already installed skipping cookie-parser@~1.3.x C:\Users\Ahmed\Documents\Projects\chess-online
16 verbose already installed skipping express-session@~1.9.x C:\Users\Ahmed\Documents\Projects\chess-online
17 verbose already installed skipping method-override@~2.0.x C:\Users\Ahmed\Documents\Projects\chess-online
18 verbose already installed skipping socket.io@~1.0.x C:\Users\Ahmed\Documents\Projects\chess-online
19 verbose already installed skipping passport@~0.2.x C:\Users\Ahmed\Documents\Projects\chess-online
20 verbose already installed skipping passport-local@1.0.x C:\Users\Ahmed\Documents\Projects\chess-online
21 verbose cache add [ 'bcrypt-nodejs@~0.1.x', null ]
22 verbose cache add name=undefined spec="bcrypt-nodejs@~0.1.x" args=["bcrypt-nodejs@~0.1.x",null]
23 verbose parsed url { protocol: null,
23 verbose parsed url   slashes: null,
23 verbose parsed url   auth: null,
23 verbose parsed url   host: null,
23 verbose parsed url   port: null,
23 verbose parsed url   hostname: null,
23 verbose parsed url   hash: null,
23 verbose parsed url   search: null,
23 verbose parsed url   query: null,
23 verbose parsed url   pathname: 'bcrypt-nodejs@~0.1.x',
23 verbose parsed url   path: 'bcrypt-nodejs@~0.1.x',
23 verbose parsed url   href: 'bcrypt-nodejs@~0.1.x' }
24 verbose cache add name="bcrypt-nodejs" spec="~0.1.x" args=["bcrypt-nodejs","~0.1.x"]
25 verbose parsed url { protocol: null,
25 verbose parsed url   slashes: null,
25 verbose parsed url   auth: null,
25 verbose parsed url   host: null,
25 verbose parsed url   port: null,
25 verbose parsed url   hostname: null,
25 verbose parsed url   hash: null,
25 verbose parsed url   search: null,
25 verbose parsed url   query: null,
25 verbose parsed url   pathname: '~0.1.x',
25 verbose parsed url   path: '~0.1.x',
25 verbose parsed url   href: '~0.1.x' }
26 verbose addNamed [ 'bcrypt-nodejs', '~0.1.x' ]
27 verbose addNamed [ null, '>=0.1.0-0 <0.2.0-0' ]
28 silly lockFile bf4121c9-bcrypt-nodejs-0-1-x bcrypt-nodejs@~0.1.x
29 verbose lock bcrypt-nodejs@~0.1.x C:\Users\Ahmed\AppData\Roaming\npm-cache\bf4121c9-bcrypt-nodejs-0-1-x.lock
30 silly addNameRange { name: 'bcrypt-nodejs',
30 silly addNameRange   range: '>=0.1.0-0 <0.2.0-0',
30 silly addNameRange   hasData: false }
31 verbose request where is /bcrypt-nodejs
32 verbose request registry https://registry.npmjs.org/
33 verbose request id adb9557bf2ed7a4c
34 verbose url raw /bcrypt-nodejs
35 verbose url resolving [ 'https://registry.npmjs.org/', './bcrypt-nodejs' ]
36 verbose url resolved https://registry.npmjs.org/bcrypt-nodejs
37 verbose request where is https://registry.npmjs.org/bcrypt-nodejs
38 info trying registry request attempt 1 at 17:06:36
39 http GET https://registry.npmjs.org/bcrypt-nodejs
40 http 200 https://registry.npmjs.org/bcrypt-nodejs
41 silly registry.get cb [ 200,
41 silly registry.get   { date: 'Sat, 25 Oct 2014 14:06:38 GMT',
41 silly registry.get     server: 'CouchDB/1.5.0 (Erlang OTP/R16B03)',
41 silly registry.get     etag: '"52B3LHGUQ2EBYA12JXFRFN4OV"',
41 silly registry.get     'content-type': 'application/json',
41 silly registry.get     'cache-control': 'max-age=60',
41 silly registry.get     'content-length': '21336',
41 silly registry.get     'accept-ranges': 'bytes',
41 silly registry.get     via: '1.1 varnish',
41 silly registry.get     age: '0',
41 silly registry.get     'x-served-by': 'cache-ams4148-AMS',
41 silly registry.get     'x-cache': 'HIT',
41 silly registry.get     'x-cache-hits': '1',
41 silly registry.get     'x-timer': 'S1414245998.534615,VS0,VE390',
41 silly registry.get     vary: 'Accept',
41 silly registry.get     'keep-alive': 'timeout=10, max=50',
41 silly registry.get     connection: 'Keep-Alive' } ]
42 silly addNameRange number 2 { name: 'bcrypt-nodejs',
42 silly addNameRange   range: '>=0.1.0-0 <0.2.0-0',
42 silly addNameRange   hasData: true }
43 silly addNameRange versions [ 'bcrypt-nodejs', [ '0.0.1', '0.0.2', '0.0.3' ] ]
44 silly lockFile bf4121c9-bcrypt-nodejs-0-1-x bcrypt-nodejs@~0.1.x
45 silly lockFile bf4121c9-bcrypt-nodejs-0-1-x bcrypt-nodejs@~0.1.x
46 error notarget No compatible version found: bcrypt-nodejs@'>=0.1.0-0 <0.2.0-0'
46 error notarget Valid install targets:
46 error notarget ["0.0.1","0.0.2","0.0.3"]
46 error notarget
46 error notarget This is most likely not a problem with npm itself.
46 error notarget In most cases you or one of your dependencies are requesting
46 error notarget a package version that doesn't exist.
47 error System Windows_NT 6.2.9200
48 error command "C:\\Program Files (x86)\\nodejs\\\\node.exe" "C:\\Program Files (x86)\\nodejs\\node_modules\\npm\\bin\\npm-cli.js" "install"
49 error cwd C:\Users\Ahmed\Documents\Projects\chess-online
50 error node -v v0.10.32
51 error npm -v 1.4.28
52 error code ETARGET
53 verbose exit [ 1, true ]
